<?xml version="1.0" encoding="UTF-8"?>
<!-- Generated by org.testng.reporters.JUnitXMLReporter -->
<testsuite ignored="4" hostname="LTIN177701" failures="0" tests="5" name="Test" time="126.426" errors="0" timestamp="2024-02-27T15:05:18 IST">
  <testcase classname="testCases.CarWashingServices" name="loc_service" time="7.898"/>
  <testcase classname="testCases.CarWashingServices" name="filter" time="5.879"/>
  <testcase classname="testCases.CarWashingServices" name="display_services_numbers" time="41.868"/>
  <testcase classname="testCases.FreeListing" name="freelisting" time="7.976"/>
  <testcase classname="testCases.Gym" name="gym" time="17.784"/>
  <testcase classname="testBases.BaseClass" name="@AfterTest quit" time="0.0">
    <ignored/>
  </testcase> <!-- @AfterTest quit -->
  <testcase classname="testBases.BaseClass" name="@BeforeTest driversetup" time="0.0">
    <ignored/>
  </testcase> <!-- @BeforeTest driversetup -->
  <testcase classname="testBases.BaseClass" name="@AfterTest quit" time="0.0">
    <ignored/>
  </testcase> <!-- @AfterTest quit -->
  <testcase classname="testBases.BaseClass" name="@BeforeTest driversetup" time="0.0">
    <ignored/>
  </testcase> <!-- @BeforeTest driversetup -->
</testsuite> <!-- Test -->
