<?xml version="1.0" encoding="UTF-8"?>
<!-- Generated by org.testng.reporters.JUnitXMLReporter -->
<testsuite ignored="4" hostname="LTIN269561" failures="0" tests="5" name="Test" time="289.191" errors="0" timestamp="2024-02-28T14:33:55 IST">
  <testcase classname="testCases.CarWashingServices" name="loc_service" time="21.907"/>
  <testcase classname="testCases.CarWashingServices" name="filter" time="6.482"/>
  <testcase classname="testCases.CarWashingServices" name="display_services_numbers" time="67.106"/>
  <testcase classname="testCases.FreeListing" name="freelisting" time="46.005"/>
  <testcase classname="testCases.Gym" name="gym" time="80.771"/>
  <testcase classname="testBases.BaseClass" name="@AfterTest quit" time="0.0">
    <ignored/>
  </testcase> <!-- @AfterTest quit -->
  <testcase classname="testBases.BaseClass" name="@AfterTest quit" time="0.0">
    <ignored/>
  </testcase> <!-- @AfterTest quit -->
  <testcase classname="testBases.BaseClass" name="@BeforeTest driversetup" time="0.0">
    <ignored/>
  </testcase> <!-- @BeforeTest driversetup -->
  <testcase classname="testBases.BaseClass" name="@BeforeTest driversetup" time="0.0">
    <ignored/>
  </testcase> <!-- @BeforeTest driversetup -->
</testsuite> <!-- Test -->
