<?xml version="1.0" encoding="UTF-8"?>
<testng-results ignored="0" total="5" passed="5" failed="0" skipped="0">
  <reporter-output>
  </reporter-output>
  <suite started-at="2024-02-28T14:29:04 IST" name="Suite" finished-at="2024-02-28T14:33:53 IST" duration-ms="289191">
    <groups>
      <group name="regression">
        <method signature="Gym.gym()[pri:0, instance:testCases.Gym@37ceb1df]" name="gym" class="testCases.Gym"/>
        <method signature="CarWashingServices.display_services_numbers()[pri:3, instance:testCases.CarWashingServices@77f1baf5]" name="display_services_numbers" class="testCases.CarWashingServices"/>
      </group> <!-- regression -->
      <group name="sanity">
        <method signature="FreeListing.freelisting()[pri:0, instance:testCases.FreeListing@70325e14]" name="freelisting" class="testCases.FreeListing"/>
        <method signature="CarWashingServices.loc_service()[pri:1, instance:testCases.CarWashingServices@77f1baf5]" name="loc_service" class="testCases.CarWashingServices"/>
        <method signature="CarWashingServices.filter()[pri:2, instance:testCases.CarWashingServices@77f1baf5]" name="filter" class="testCases.CarWashingServices"/>
      </group> <!-- sanity -->
      <group name="master">
        <method signature="FreeListing.freelisting()[pri:0, instance:testCases.FreeListing@70325e14]" name="freelisting" class="testCases.FreeListing"/>
        <method signature="Gym.gym()[pri:0, instance:testCases.Gym@37ceb1df]" name="gym" class="testCases.Gym"/>
        <method signature="CarWashingServices.loc_service()[pri:1, instance:testCases.CarWashingServices@77f1baf5]" name="loc_service" class="testCases.CarWashingServices"/>
        <method signature="CarWashingServices.filter()[pri:2, instance:testCases.CarWashingServices@77f1baf5]" name="filter" class="testCases.CarWashingServices"/>
        <method signature="CarWashingServices.display_services_numbers()[pri:3, instance:testCases.CarWashingServices@77f1baf5]" name="display_services_numbers" class="testCases.CarWashingServices"/>
      </group> <!-- master -->
    </groups>
    <test started-at="2024-02-28T14:29:04 IST" name="Test" finished-at="2024-02-28T14:33:53 IST" duration-ms="289191">
      <class name="testCases.CarWashingServices">
        <test-method is-config="true" signature="driversetup(java.lang.String)[pri:0, instance:testCases.CarWashingServices@77f1baf5]" started-at="2024-02-28T14:29:05 IST" name="driversetup" finished-at="2024-02-28T14:30:05 IST" duration-ms="60617" status="PASS">
          <params>
            <param index="0">
              <value>
                <![CDATA[chrome]]>
              </value>
            </param>
          </params>
          <reporter-output>
          </reporter-output>
        </test-method> <!-- driversetup -->
        <test-method signature="loc_service()[pri:1, instance:testCases.CarWashingServices@77f1baf5]" started-at="2024-02-28T14:30:06 IST" name="loc_service" finished-at="2024-02-28T14:30:28 IST" duration-ms="21907" status="PASS">
          <reporter-output>
          </reporter-output>
        </test-method> <!-- loc_service -->
        <test-method signature="filter()[pri:2, instance:testCases.CarWashingServices@77f1baf5]" started-at="2024-02-28T14:30:29 IST" name="filter" finished-at="2024-02-28T14:30:35 IST" duration-ms="6482" status="PASS">
          <reporter-output>
          </reporter-output>
        </test-method> <!-- filter -->
        <test-method signature="display_services_numbers()[pri:3, instance:testCases.CarWashingServices@77f1baf5]" started-at="2024-02-28T14:30:36 IST" name="display_services_numbers" finished-at="2024-02-28T14:31:43 IST" duration-ms="67106" status="PASS">
          <reporter-output>
          </reporter-output>
        </test-method> <!-- display_services_numbers -->
        <test-method is-config="true" signature="quit()[pri:0, instance:testCases.CarWashingServices@77f1baf5]" started-at="2024-02-28T14:33:52 IST" name="quit" finished-at="2024-02-28T14:33:53 IST" duration-ms="1465" status="PASS">
          <reporter-output>
          </reporter-output>
        </test-method> <!-- quit -->
      </class> <!-- testCases.CarWashingServices -->
      <class name="testCases.Gym">
        <test-method signature="gym()[pri:0, instance:testCases.Gym@37ceb1df]" started-at="2024-02-28T14:32:30 IST" name="gym" finished-at="2024-02-28T14:33:51 IST" duration-ms="80771" status="PASS">
          <reporter-output>
          </reporter-output>
        </test-method> <!-- gym -->
      </class> <!-- testCases.Gym -->
      <class name="testCases.FreeListing">
        <test-method signature="freelisting()[pri:0, instance:testCases.FreeListing@70325e14]" started-at="2024-02-28T14:31:44 IST" name="freelisting" finished-at="2024-02-28T14:32:30 IST" duration-ms="46005" status="PASS">
          <reporter-output>
          </reporter-output>
        </test-method> <!-- freelisting -->
      </class> <!-- testCases.FreeListing -->
    </test> <!-- Test -->
  </suite> <!-- Suite -->
</testng-results>
